<?xml version="1.0" encoding="UTF-8"?>
<!-- Generated by org.testng.reporters.JUnitXMLReporter -->
<testsuite hostname="DESKTOP-FJPV0RF" ignored="0" name="Default test" tests="3" failures="0" timestamp="2023-05-02T08:37:40 IST" time="26.355" errors="0">
  <testcase name="selectFromCity" time="2.779" classname="com.pack.airlines.FlightBookingTest"/>
  <testcase name="selectToCity" time="1.716" classname="com.pack.airlines.FlightBookingTest"/>
  <testcase name="selectDateAndSearchFlights" time="11.309" classname="com.pack.airlines.FlightBookingTest"/>
</testsuite> <!-- Default test -->
